::1 - - [Fri, 16 Jun 2017 08:17:45 GMT] "GET / HTTP/1.1" 304 - "-" "Mozilla/5.0 (Windows NT 10.0; Win64; x64) AppleWebKit/537.36 (KHTML, like Gecko) Chrome/59.0.3071.104 Safari/537.36"
::1 - - [Fri, 16 Jun 2017 08:17:45 GMT] "GET /css/main.css HTTP/1.1" 304 - "http://localhost:9527/" "Mozilla/5.0 (Windows NT 10.0; Win64; x64) AppleWebKit/537.36 (KHTML, like Gecko) Chrome/59.0.3071.104 Safari/537.36"
::1 - - [Fri, 16 Jun 2017 08:17:45 GMT] "GET /img/logo.png HTTP/1.1" 304 - "http://localhost:9527/" "Mozilla/5.0 (Windows NT 10.0; Win64; x64) AppleWebKit/537.36 (KHTML, like Gecko) Chrome/59.0.3071.104 Safari/537.36"
::1 - - [Fri, 16 Jun 2017 08:17:52 GMT] "GET /about HTTP/1.1" 200 555 "-" "Mozilla/5.0 (Windows NT 10.0; Win64; x64) AppleWebKit/537.36 (KHTML, like Gecko) Chrome/59.0.3071.104 Safari/537.36"
::1 - - [Fri, 16 Jun 2017 08:17:52 GMT] "GET /css/main.css HTTP/1.1" 304 - "http://localhost:9527/about" "Mozilla/5.0 (Windows NT 10.0; Win64; x64) AppleWebKit/537.36 (KHTML, like Gecko) Chrome/59.0.3071.104 Safari/537.36"
::1 - - [Fri, 16 Jun 2017 08:17:52 GMT] "GET /img/logo.png HTTP/1.1" 304 - "http://localhost:9527/about" "Mozilla/5.0 (Windows NT 10.0; Win64; x64) AppleWebKit/537.36 (KHTML, like Gecko) Chrome/59.0.3071.104 Safari/537.36"
::1 - - [Fri, 16 Jun 2017 08:44:33 GMT] "GET / HTTP/1.1" 304 - "-" "Mozilla/5.0 (Windows NT 10.0; Win64; x64) AppleWebKit/537.36 (KHTML, like Gecko) Chrome/59.0.3071.104 Safari/537.36"
::1 - - [Fri, 16 Jun 2017 08:44:33 GMT] "GET /css/main.css HTTP/1.1" 304 - "http://localhost:9527/" "Mozilla/5.0 (Windows NT 10.0; Win64; x64) AppleWebKit/537.36 (KHTML, like Gecko) Chrome/59.0.3071.104 Safari/537.36"
::1 - - [Fri, 16 Jun 2017 08:44:33 GMT] "GET /img/logo.png HTTP/1.1" 304 - "http://localhost:9527/" "Mozilla/5.0 (Windows NT 10.0; Win64; x64) AppleWebKit/537.36 (KHTML, like Gecko) Chrome/59.0.3071.104 Safari/537.36"
::1 - - [Fri, 16 Jun 2017 08:57:39 GMT] "GET /newsletter HTTP/1.1" 200 2359 "-" "Mozilla/5.0 (Windows NT 10.0; Win64; x64) AppleWebKit/537.36 (KHTML, like Gecko) Chrome/59.0.3071.104 Safari/537.36"
::1 - - [Fri, 16 Jun 2017 08:57:39 GMT] "GET /css/main.css HTTP/1.1" 304 - "http://localhost:9527/newsletter" "Mozilla/5.0 (Windows NT 10.0; Win64; x64) AppleWebKit/537.36 (KHTML, like Gecko) Chrome/59.0.3071.104 Safari/537.36"
::1 - - [Fri, 16 Jun 2017 08:57:39 GMT] "GET /img/logo.png HTTP/1.1" 304 - "http://localhost:9527/newsletter" "Mozilla/5.0 (Windows NT 10.0; Win64; x64) AppleWebKit/537.36 (KHTML, like Gecko) Chrome/59.0.3071.104 Safari/537.36"
::1 - - [Fri, 16 Jun 2017 09:13:18 GMT] "GET /newsletter HTTP/1.1" 500 476 "-" "Mozilla/5.0 (Windows NT 10.0; Win64; x64) AppleWebKit/537.36 (KHTML, like Gecko) Chrome/59.0.3071.104 Safari/537.36"
::1 - - [Fri, 16 Jun 2017 09:13:18 GMT] "GET /css/main.css HTTP/1.1" 304 - "http://localhost:9527/newsletter" "Mozilla/5.0 (Windows NT 10.0; Win64; x64) AppleWebKit/537.36 (KHTML, like Gecko) Chrome/59.0.3071.104 Safari/537.36"
::1 - - [Fri, 16 Jun 2017 09:13:18 GMT] "GET /img/logo.png HTTP/1.1" 304 - "http://localhost:9527/newsletter" "Mozilla/5.0 (Windows NT 10.0; Win64; x64) AppleWebKit/537.36 (KHTML, like Gecko) Chrome/59.0.3071.104 Safari/537.36"
::1 - - [Fri, 16 Jun 2017 09:13:35 GMT] "GET /newsletter HTTP/1.1" 200 2359 "-" "Mozilla/5.0 (Windows NT 10.0; Win64; x64) AppleWebKit/537.36 (KHTML, like Gecko) Chrome/59.0.3071.104 Safari/537.36"
::1 - - [Fri, 16 Jun 2017 09:13:35 GMT] "GET /css/main.css HTTP/1.1" 304 - "http://localhost:9527/newsletter" "Mozilla/5.0 (Windows NT 10.0; Win64; x64) AppleWebKit/537.36 (KHTML, like Gecko) Chrome/59.0.3071.104 Safari/537.36"
::1 - - [Fri, 16 Jun 2017 09:13:35 GMT] "GET /img/logo.png HTTP/1.1" 304 - "http://localhost:9527/newsletter" "Mozilla/5.0 (Windows NT 10.0; Win64; x64) AppleWebKit/537.36 (KHTML, like Gecko) Chrome/59.0.3071.104 Safari/537.36"
::1 - - [Fri, 16 Jun 2017 09:13:35 GMT] "GET /favicon.ico HTTP/1.1" 200 - "http://localhost:9527/newsletter" "Mozilla/5.0 (Windows NT 10.0; Win64; x64) AppleWebKit/537.36 (KHTML, like Gecko) Chrome/59.0.3071.104 Safari/537.36"
::1 - - [Fri, 16 Jun 2017 09:13:51 GMT] "GET / HTTP/1.1" 304 - "-" "Mozilla/5.0 (Windows NT 10.0; Win64; x64) AppleWebKit/537.36 (KHTML, like Gecko) Chrome/59.0.3071.104 Safari/537.36"
::1 - - [Fri, 16 Jun 2017 09:13:51 GMT] "GET /css/main.css HTTP/1.1" 304 - "http://localhost:9527/" "Mozilla/5.0 (Windows NT 10.0; Win64; x64) AppleWebKit/537.36 (KHTML, like Gecko) Chrome/59.0.3071.104 Safari/537.36"
::1 - - [Fri, 16 Jun 2017 09:13:51 GMT] "GET /img/logo.png HTTP/1.1" 304 - "http://localhost:9527/" "Mozilla/5.0 (Windows NT 10.0; Win64; x64) AppleWebKit/537.36 (KHTML, like Gecko) Chrome/59.0.3071.104 Safari/537.36"
::1 - - [Fri, 16 Jun 2017 09:13:54 GMT] "GET /newsletter HTTP/1.1" 304 - "-" "Mozilla/5.0 (Windows NT 10.0; Win64; x64) AppleWebKit/537.36 (KHTML, like Gecko) Chrome/59.0.3071.104 Safari/537.36"
::1 - - [Fri, 16 Jun 2017 09:13:54 GMT] "GET /css/main.css HTTP/1.1" 304 - "http://localhost:9527/newsletter" "Mozilla/5.0 (Windows NT 10.0; Win64; x64) AppleWebKit/537.36 (KHTML, like Gecko) Chrome/59.0.3071.104 Safari/537.36"
::1 - - [Fri, 16 Jun 2017 09:13:54 GMT] "GET /img/logo.png HTTP/1.1" 304 - "http://localhost:9527/newsletter" "Mozilla/5.0 (Windows NT 10.0; Win64; x64) AppleWebKit/537.36 (KHTML, like Gecko) Chrome/59.0.3071.104 Safari/537.36"
::1 - - [Fri, 16 Jun 2017 09:16:24 GMT] "GET /newsletter HTTP/1.1" 304 - "-" "Mozilla/5.0 (Windows NT 10.0; Win64; x64) AppleWebKit/537.36 (KHTML, like Gecko) Chrome/59.0.3071.104 Safari/537.36"
::1 - - [Fri, 16 Jun 2017 09:16:24 GMT] "GET /css/main.css HTTP/1.1" 304 - "http://localhost:9527/newsletter" "Mozilla/5.0 (Windows NT 10.0; Win64; x64) AppleWebKit/537.36 (KHTML, like Gecko) Chrome/59.0.3071.104 Safari/537.36"
::ffff:127.0.0.1 - - [Fri, 16 Jun 2017 09:16:24 GMT] "GET /img/logo.png HTTP/1.1" 304 - "http://localhost:9527/newsletter" "Mozilla/5.0 (Windows NT 10.0; Win64; x64) AppleWebKit/537.36 (KHTML, like Gecko) Chrome/59.0.3071.104 Safari/537.36"
::ffff:127.0.0.1 - - [Fri, 16 Jun 2017 09:16:33 GMT] "GET /newsletter HTTP/1.1" 304 - "-" "Mozilla/5.0 (Windows NT 10.0; Win64; x64) AppleWebKit/537.36 (KHTML, like Gecko) Chrome/59.0.3071.104 Safari/537.36"
::ffff:127.0.0.1 - - [Fri, 16 Jun 2017 09:16:33 GMT] "GET /css/main.css HTTP/1.1" 304 - "http://localhost:9527/newsletter" "Mozilla/5.0 (Windows NT 10.0; Win64; x64) AppleWebKit/537.36 (KHTML, like Gecko) Chrome/59.0.3071.104 Safari/537.36"
::ffff:127.0.0.1 - - [Fri, 16 Jun 2017 09:16:33 GMT] "GET /img/logo.png HTTP/1.1" 304 - "http://localhost:9527/newsletter" "Mozilla/5.0 (Windows NT 10.0; Win64; x64) AppleWebKit/537.36 (KHTML, like Gecko) Chrome/59.0.3071.104 Safari/537.36"
::ffff:127.0.0.1 - - [Fri, 16 Jun 2017 09:16:33 GMT] "GET /favicon.ico HTTP/1.1" 200 - "http://localhost:9527/newsletter" "Mozilla/5.0 (Windows NT 10.0; Win64; x64) AppleWebKit/537.36 (KHTML, like Gecko) Chrome/59.0.3071.104 Safari/537.36"
::ffff:127.0.0.1 - - [Fri, 16 Jun 2017 09:16:34 GMT] "GET /newsletter HTTP/1.1" 304 - "-" "Mozilla/5.0 (Windows NT 10.0; Win64; x64) AppleWebKit/537.36 (KHTML, like Gecko) Chrome/59.0.3071.104 Safari/537.36"
::ffff:127.0.0.1 - - [Fri, 16 Jun 2017 09:16:34 GMT] "GET /css/main.css HTTP/1.1" 304 - "http://localhost:9527/newsletter" "Mozilla/5.0 (Windows NT 10.0; Win64; x64) AppleWebKit/537.36 (KHTML, like Gecko) Chrome/59.0.3071.104 Safari/537.36"
::ffff:127.0.0.1 - - [Fri, 16 Jun 2017 09:16:34 GMT] "GET /img/logo.png HTTP/1.1" 304 - "http://localhost:9527/newsletter" "Mozilla/5.0 (Windows NT 10.0; Win64; x64) AppleWebKit/537.36 (KHTML, like Gecko) Chrome/59.0.3071.104 Safari/537.36"
::ffff:127.0.0.1 - - [Fri, 16 Jun 2017 09:16:34 GMT] "GET /favicon.ico HTTP/1.1" 200 - "http://localhost:9527/newsletter" "Mozilla/5.0 (Windows NT 10.0; Win64; x64) AppleWebKit/537.36 (KHTML, like Gecko) Chrome/59.0.3071.104 Safari/537.36"
::ffff:127.0.0.1 - - [Fri, 16 Jun 2017 09:16:34 GMT] "GET /newsletter HTTP/1.1" 304 - "-" "Mozilla/5.0 (Windows NT 10.0; Win64; x64) AppleWebKit/537.36 (KHTML, like Gecko) Chrome/59.0.3071.104 Safari/537.36"
::ffff:127.0.0.1 - - [Fri, 16 Jun 2017 09:16:34 GMT] "GET /css/main.css HTTP/1.1" 304 - "http://localhost:9527/newsletter" "Mozilla/5.0 (Windows NT 10.0; Win64; x64) AppleWebKit/537.36 (KHTML, like Gecko) Chrome/59.0.3071.104 Safari/537.36"
::1 - - [Fri, 16 Jun 2017 09:16:34 GMT] "GET /img/logo.png HTTP/1.1" 304 - "http://localhost:9527/newsletter" "Mozilla/5.0 (Windows NT 10.0; Win64; x64) AppleWebKit/537.36 (KHTML, like Gecko) Chrome/59.0.3071.104 Safari/537.36"
::1 - - [Fri, 16 Jun 2017 09:16:34 GMT] "GET /favicon.ico HTTP/1.1" 200 - "http://localhost:9527/newsletter" "Mozilla/5.0 (Windows NT 10.0; Win64; x64) AppleWebKit/537.36 (KHTML, like Gecko) Chrome/59.0.3071.104 Safari/537.36"
::1 - - [Fri, 16 Jun 2017 09:16:34 GMT] "GET /newsletter HTTP/1.1" 304 - "-" "Mozilla/5.0 (Windows NT 10.0; Win64; x64) AppleWebKit/537.36 (KHTML, like Gecko) Chrome/59.0.3071.104 Safari/537.36"
::1 - - [Fri, 16 Jun 2017 09:16:34 GMT] "GET /css/main.css HTTP/1.1" 304 - "http://localhost:9527/newsletter" "Mozilla/5.0 (Windows NT 10.0; Win64; x64) AppleWebKit/537.36 (KHTML, like Gecko) Chrome/59.0.3071.104 Safari/537.36"
::1 - - [Fri, 16 Jun 2017 09:16:34 GMT] "GET /img/logo.png HTTP/1.1" 304 - "http://localhost:9527/newsletter" "Mozilla/5.0 (Windows NT 10.0; Win64; x64) AppleWebKit/537.36 (KHTML, like Gecko) Chrome/59.0.3071.104 Safari/537.36"
::1 - - [Fri, 16 Jun 2017 09:16:34 GMT] "GET /favicon.ico HTTP/1.1" 200 - "http://localhost:9527/newsletter" "Mozilla/5.0 (Windows NT 10.0; Win64; x64) AppleWebKit/537.36 (KHTML, like Gecko) Chrome/59.0.3071.104 Safari/537.36"
::1 - - [Fri, 16 Jun 2017 09:17:30 GMT] "GET /newsletter HTTP/1.1" 304 - "-" "Mozilla/5.0 (Windows NT 10.0; Win64; x64) AppleWebKit/537.36 (KHTML, like Gecko) Chrome/59.0.3071.104 Safari/537.36"
::1 - - [Fri, 16 Jun 2017 09:17:30 GMT] "GET /css/main.css HTTP/1.1" 304 - "http://localhost:9527/newsletter" "Mozilla/5.0 (Windows NT 10.0; Win64; x64) AppleWebKit/537.36 (KHTML, like Gecko) Chrome/59.0.3071.104 Safari/537.36"
::1 - - [Fri, 16 Jun 2017 09:17:30 GMT] "GET /img/logo.png HTTP/1.1" 304 - "http://localhost:9527/newsletter" "Mozilla/5.0 (Windows NT 10.0; Win64; x64) AppleWebKit/537.36 (KHTML, like Gecko) Chrome/59.0.3071.104 Safari/537.36"
::1 - - [Fri, 16 Jun 2017 09:17:30 GMT] "GET /favicon.ico HTTP/1.1" 200 - "http://localhost:9527/newsletter" "Mozilla/5.0 (Windows NT 10.0; Win64; x64) AppleWebKit/537.36 (KHTML, like Gecko) Chrome/59.0.3071.104 Safari/537.36"
::1 - - [Fri, 16 Jun 2017 09:17:33 GMT] "GET / HTTP/1.1" 304 - "-" "Mozilla/5.0 (Windows NT 10.0; Win64; x64) AppleWebKit/537.36 (KHTML, like Gecko) Chrome/59.0.3071.104 Safari/537.36"
::1 - - [Fri, 16 Jun 2017 09:17:33 GMT] "GET /css/main.css HTTP/1.1" 304 - "http://localhost:9527/" "Mozilla/5.0 (Windows NT 10.0; Win64; x64) AppleWebKit/537.36 (KHTML, like Gecko) Chrome/59.0.3071.104 Safari/537.36"
::1 - - [Fri, 16 Jun 2017 09:17:33 GMT] "GET /img/logo.png HTTP/1.1" 304 - "http://localhost:9527/" "Mozilla/5.0 (Windows NT 10.0; Win64; x64) AppleWebKit/537.36 (KHTML, like Gecko) Chrome/59.0.3071.104 Safari/537.36"
::1 - - [Fri, 16 Jun 2017 09:23:40 GMT] "GET / HTTP/1.1" 304 - "-" "Mozilla/5.0 (Windows NT 10.0; Win64; x64) AppleWebKit/537.36 (KHTML, like Gecko) Chrome/59.0.3071.104 Safari/537.36"
::1 - - [Fri, 16 Jun 2017 09:23:40 GMT] "GET /css/main.css HTTP/1.1" 304 - "http://localhost:9527/" "Mozilla/5.0 (Windows NT 10.0; Win64; x64) AppleWebKit/537.36 (KHTML, like Gecko) Chrome/59.0.3071.104 Safari/537.36"
::1 - - [Fri, 16 Jun 2017 09:23:40 GMT] "GET /img/logo.png HTTP/1.1" 304 - "http://localhost:9527/" "Mozilla/5.0 (Windows NT 10.0; Win64; x64) AppleWebKit/537.36 (KHTML, like Gecko) Chrome/59.0.3071.104 Safari/537.36"
::1 - - [Fri, 16 Jun 2017 09:23:44 GMT] "GET /newsletter HTTP/1.1" 304 - "-" "Mozilla/5.0 (Windows NT 10.0; Win64; x64) AppleWebKit/537.36 (KHTML, like Gecko) Chrome/59.0.3071.104 Safari/537.36"
::1 - - [Fri, 16 Jun 2017 09:23:44 GMT] "GET /css/main.css HTTP/1.1" 304 - "http://localhost:9527/newsletter" "Mozilla/5.0 (Windows NT 10.0; Win64; x64) AppleWebKit/537.36 (KHTML, like Gecko) Chrome/59.0.3071.104 Safari/537.36"
::1 - - [Fri, 16 Jun 2017 09:23:44 GMT] "GET /img/logo.png HTTP/1.1" 304 - "http://localhost:9527/newsletter" "Mozilla/5.0 (Windows NT 10.0; Win64; x64) AppleWebKit/537.36 (KHTML, like Gecko) Chrome/59.0.3071.104 Safari/537.36"
::1 - - [Fri, 16 Jun 2017 09:24:08 GMT] "GET /css/main.css HTTP/1.1" 304 - "http://localhost:9527/newsletter" "Mozilla/5.0 (Windows NT 10.0; Win64; x64) AppleWebKit/537.36 (KHTML, like Gecko) Chrome/59.0.3071.104 Safari/537.36"
::1 - - [Fri, 16 Jun 2017 09:28:44 GMT] "GET /fail HTTP/1.1" 404 488 "-" "Mozilla/5.0 (Windows NT 10.0; Win64; x64) AppleWebKit/537.36 (KHTML, like Gecko) Chrome/59.0.3071.104 Safari/537.36"
::1 - - [Fri, 16 Jun 2017 09:28:44 GMT] "GET /css/main.css HTTP/1.1" 304 - "http://localhost:9527/fail" "Mozilla/5.0 (Windows NT 10.0; Win64; x64) AppleWebKit/537.36 (KHTML, like Gecko) Chrome/59.0.3071.104 Safari/537.36"
::1 - - [Fri, 16 Jun 2017 09:28:44 GMT] "GET /img/logo.png HTTP/1.1" 304 - "http://localhost:9527/fail" "Mozilla/5.0 (Windows NT 10.0; Win64; x64) AppleWebKit/537.36 (KHTML, like Gecko) Chrome/59.0.3071.104 Safari/537.36"
::1 - - [Fri, 16 Jun 2017 09:29:00 GMT] "GET /fail HTTP/1.1" 404 488 "-" "Mozilla/5.0 (Windows NT 10.0; Win64; x64) AppleWebKit/537.36 (KHTML, like Gecko) Chrome/59.0.3071.104 Safari/537.36"
::1 - - [Fri, 16 Jun 2017 09:29:00 GMT] "GET /css/main.css HTTP/1.1" 304 - "http://localhost:9527/fail" "Mozilla/5.0 (Windows NT 10.0; Win64; x64) AppleWebKit/537.36 (KHTML, like Gecko) Chrome/59.0.3071.104 Safari/537.36"
::1 - - [Fri, 16 Jun 2017 09:29:00 GMT] "GET /img/logo.png HTTP/1.1" 304 - "http://localhost:9527/fail" "Mozilla/5.0 (Windows NT 10.0; Win64; x64) AppleWebKit/537.36 (KHTML, like Gecko) Chrome/59.0.3071.104 Safari/537.36"
::1 - - [Fri, 16 Jun 2017 09:29:01 GMT] "GET /fail HTTP/1.1" 404 488 "-" "Mozilla/5.0 (Windows NT 10.0; Win64; x64) AppleWebKit/537.36 (KHTML, like Gecko) Chrome/59.0.3071.104 Safari/537.36"
::1 - - [Fri, 16 Jun 2017 09:29:01 GMT] "GET /css/main.css HTTP/1.1" 304 - "http://localhost:9527/fail" "Mozilla/5.0 (Windows NT 10.0; Win64; x64) AppleWebKit/537.36 (KHTML, like Gecko) Chrome/59.0.3071.104 Safari/537.36"
::1 - - [Fri, 16 Jun 2017 09:29:01 GMT] "GET /img/logo.png HTTP/1.1" 304 - "http://localhost:9527/fail" "Mozilla/5.0 (Windows NT 10.0; Win64; x64) AppleWebKit/537.36 (KHTML, like Gecko) Chrome/59.0.3071.104 Safari/537.36"
::1 - - [Fri, 16 Jun 2017 09:37:45 GMT] "GET /epic-fail HTTP/1.1" 404 488 "-" "Mozilla/5.0 (Windows NT 10.0; Win64; x64) AppleWebKit/537.36 (KHTML, like Gecko) Chrome/59.0.3071.104 Safari/537.36"
::1 - - [Fri, 16 Jun 2017 09:37:45 GMT] "GET /css/main.css HTTP/1.1" 304 - "http://localhost:9527/epic-fail" "Mozilla/5.0 (Windows NT 10.0; Win64; x64) AppleWebKit/537.36 (KHTML, like Gecko) Chrome/59.0.3071.104 Safari/537.36"
::1 - - [Fri, 16 Jun 2017 09:37:45 GMT] "GET /img/logo.png HTTP/1.1" 304 - "http://localhost:9527/epic-fail" "Mozilla/5.0 (Windows NT 10.0; Win64; x64) AppleWebKit/537.36 (KHTML, like Gecko) Chrome/59.0.3071.104 Safari/537.36"
::1 - - [Fri, 16 Jun 2017 09:37:59 GMT] "GET / HTTP/1.1" 404 488 "-" "Mozilla/5.0 (Windows NT 10.0; Win64; x64) AppleWebKit/537.36 (KHTML, like Gecko) Chrome/59.0.3071.104 Safari/537.36"
::1 - - [Fri, 16 Jun 2017 09:37:59 GMT] "GET /css/main.css HTTP/1.1" 304 - "http://localhost:9527/" "Mozilla/5.0 (Windows NT 10.0; Win64; x64) AppleWebKit/537.36 (KHTML, like Gecko) Chrome/59.0.3071.104 Safari/537.36"
::1 - - [Fri, 16 Jun 2017 09:37:59 GMT] "GET /img/logo.png HTTP/1.1" 304 - "http://localhost:9527/" "Mozilla/5.0 (Windows NT 10.0; Win64; x64) AppleWebKit/537.36 (KHTML, like Gecko) Chrome/59.0.3071.104 Safari/537.36"
::1 - - [Fri, 16 Jun 2017 09:38:22 GMT] "GET /fail HTTP/1.1" 500 476 "-" "Mozilla/5.0 (Windows NT 10.0; Win64; x64) AppleWebKit/537.36 (KHTML, like Gecko) Chrome/59.0.3071.104 Safari/537.36"
::1 - - [Fri, 16 Jun 2017 09:38:22 GMT] "GET /css/main.css HTTP/1.1" 304 - "http://localhost:9527/fail" "Mozilla/5.0 (Windows NT 10.0; Win64; x64) AppleWebKit/537.36 (KHTML, like Gecko) Chrome/59.0.3071.104 Safari/537.36"
::1 - - [Fri, 16 Jun 2017 09:38:22 GMT] "GET /img/logo.png HTTP/1.1" 304 - "http://localhost:9527/fail" "Mozilla/5.0 (Windows NT 10.0; Win64; x64) AppleWebKit/537.36 (KHTML, like Gecko) Chrome/59.0.3071.104 Safari/537.36"
::1 - - [Fri, 16 Jun 2017 09:38:31 GMT] "GET / HTTP/1.1" 200 1595 "-" "Mozilla/5.0 (Windows NT 10.0; Win64; x64) AppleWebKit/537.36 (KHTML, like Gecko) Chrome/59.0.3071.104 Safari/537.36"
::1 - - [Fri, 16 Jun 2017 09:38:31 GMT] "GET /css/main.css HTTP/1.1" 304 - "http://localhost:9527/" "Mozilla/5.0 (Windows NT 10.0; Win64; x64) AppleWebKit/537.36 (KHTML, like Gecko) Chrome/59.0.3071.104 Safari/537.36"
::1 - - [Fri, 16 Jun 2017 09:38:31 GMT] "GET /img/logo.png HTTP/1.1" 304 - "http://localhost:9527/" "Mozilla/5.0 (Windows NT 10.0; Win64; x64) AppleWebKit/537.36 (KHTML, like Gecko) Chrome/59.0.3071.104 Safari/537.36"
::1 - - [Fri, 16 Jun 2017 09:38:36 GMT] "GET /fail HTTP/1.1" 500 476 "-" "Mozilla/5.0 (Windows NT 10.0; Win64; x64) AppleWebKit/537.36 (KHTML, like Gecko) Chrome/59.0.3071.104 Safari/537.36"
::1 - - [Fri, 16 Jun 2017 09:38:36 GMT] "GET /css/main.css HTTP/1.1" 304 - "http://localhost:9527/fail" "Mozilla/5.0 (Windows NT 10.0; Win64; x64) AppleWebKit/537.36 (KHTML, like Gecko) Chrome/59.0.3071.104 Safari/537.36"
::1 - - [Fri, 16 Jun 2017 09:38:36 GMT] "GET /img/logo.png HTTP/1.1" 304 - "http://localhost:9527/fail" "Mozilla/5.0 (Windows NT 10.0; Win64; x64) AppleWebKit/537.36 (KHTML, like Gecko) Chrome/59.0.3071.104 Safari/537.36"
